mode: set
github.com/mikejsmith1985/devsmith-modular-platform/internal/analytics/db/aggregation_repository.go:19.72,21.2 1 1
github.com/mikejsmith1985/devsmith-modular-platform/internal/analytics/db/aggregation_repository.go:25.92,34.2 3 0
github.com/mikejsmith1985/devsmith-modular-platform/internal/analytics/db/aggregation_repository.go:38.165,46.16 3 0
github.com/mikejsmith1985/devsmith-modular-platform/internal/analytics/db/aggregation_repository.go:46.16,48.3 1 0
github.com/mikejsmith1985/devsmith-modular-platform/internal/analytics/db/aggregation_repository.go:49.2,52.18 3 0
github.com/mikejsmith1985/devsmith-modular-platform/internal/analytics/db/aggregation_repository.go:52.18,54.120 2 0
github.com/mikejsmith1985/devsmith-modular-platform/internal/analytics/db/aggregation_repository.go:54.120,56.4 1 0
github.com/mikejsmith1985/devsmith-modular-platform/internal/analytics/db/aggregation_repository.go:57.3,57.43 1 0
github.com/mikejsmith1985/devsmith-modular-platform/internal/analytics/db/aggregation_repository.go:59.2,59.26 1 0
github.com/mikejsmith1985/devsmith-modular-platform/internal/analytics/db/aggregation_repository.go:64.88,67.16 3 0
github.com/mikejsmith1985/devsmith-modular-platform/internal/analytics/db/aggregation_repository.go:67.16,69.3 1 0
github.com/mikejsmith1985/devsmith-modular-platform/internal/analytics/db/aggregation_repository.go:70.2,73.18 3 0
github.com/mikejsmith1985/devsmith-modular-platform/internal/analytics/db/aggregation_repository.go:73.18,75.45 2 0
github.com/mikejsmith1985/devsmith-modular-platform/internal/analytics/db/aggregation_repository.go:75.45,77.4 1 0
github.com/mikejsmith1985/devsmith-modular-platform/internal/analytics/db/aggregation_repository.go:78.3,78.39 1 0
github.com/mikejsmith1985/devsmith-modular-platform/internal/analytics/db/aggregation_repository.go:80.2,80.22 1 0
github.com/mikejsmith1985/devsmith-modular-platform/internal/analytics/db/log_reader.go:17.48,19.2 1 1
github.com/mikejsmith1985/devsmith-modular-platform/internal/analytics/db/log_reader.go:22.123,31.2 4 0
github.com/mikejsmith1985/devsmith-modular-platform/internal/analytics/db/log_reader.go:34.142,44.16 3 0
github.com/mikejsmith1985/devsmith-modular-platform/internal/analytics/db/log_reader.go:44.16,46.3 1 0
github.com/mikejsmith1985/devsmith-modular-platform/internal/analytics/db/log_reader.go:47.2,50.18 3 0
github.com/mikejsmith1985/devsmith-modular-platform/internal/analytics/db/log_reader.go:50.18,52.82 2 0
github.com/mikejsmith1985/devsmith-modular-platform/internal/analytics/db/log_reader.go:52.82,54.4 1 0
github.com/mikejsmith1985/devsmith-modular-platform/internal/analytics/db/log_reader.go:55.3,55.33 1 0
github.com/mikejsmith1985/devsmith-modular-platform/internal/analytics/db/log_reader.go:57.2,57.20 1 0
github.com/mikejsmith1985/devsmith-modular-platform/internal/analytics/db/log_reader.go:61.76,64.16 3 0
github.com/mikejsmith1985/devsmith-modular-platform/internal/analytics/db/log_reader.go:64.16,66.3 1 0
github.com/mikejsmith1985/devsmith-modular-platform/internal/analytics/db/log_reader.go:67.2,70.18 3 0
github.com/mikejsmith1985/devsmith-modular-platform/internal/analytics/db/log_reader.go:70.18,72.45 2 0
github.com/mikejsmith1985/devsmith-modular-platform/internal/analytics/db/log_reader.go:72.45,74.4 1 0
github.com/mikejsmith1985/devsmith-modular-platform/internal/analytics/db/log_reader.go:75.3,75.39 1 0
github.com/mikejsmith1985/devsmith-modular-platform/internal/analytics/db/log_reader.go:77.2,77.22 1 0
github.com/mikejsmith1985/devsmith-modular-platform/internal/analytics/testutils/mock_aggregation_repository.go:21.169,23.24 2 1
github.com/mikejsmith1985/devsmith-modular-platform/internal/analytics/testutils/mock_aggregation_repository.go:23.24,25.3 1 0
github.com/mikejsmith1985/devsmith-modular-platform/internal/analytics/testutils/mock_aggregation_repository.go:26.2,27.9 2 1
github.com/mikejsmith1985/devsmith-modular-platform/internal/analytics/testutils/mock_aggregation_repository.go:27.9,30.3 2 0
github.com/mikejsmith1985/devsmith-modular-platform/internal/analytics/testutils/mock_aggregation_repository.go:31.2,31.30 1 1
github.com/mikejsmith1985/devsmith-modular-platform/internal/analytics/testutils/mock_aggregation_repository.go:36.182,38.24 2 1
github.com/mikejsmith1985/devsmith-modular-platform/internal/analytics/testutils/mock_aggregation_repository.go:38.24,40.3 1 0
github.com/mikejsmith1985/devsmith-modular-platform/internal/analytics/testutils/mock_aggregation_repository.go:41.2,42.9 2 1
github.com/mikejsmith1985/devsmith-modular-platform/internal/analytics/testutils/mock_aggregation_repository.go:42.9,45.3 2 0
github.com/mikejsmith1985/devsmith-modular-platform/internal/analytics/testutils/mock_aggregation_repository.go:46.2,46.30 1 1
github.com/mikejsmith1985/devsmith-modular-platform/internal/analytics/testutils/mock_aggregation_repository.go:51.113,54.2 2 1
github.com/mikejsmith1985/devsmith-modular-platform/internal/analytics/testutils/mock_aggregation_repository.go:58.104,61.2 2 1
github.com/mikejsmith1985/devsmith-modular-platform/internal/analytics/testutils/mock_aggregation_repository.go:65.92,67.24 2 1
github.com/mikejsmith1985/devsmith-modular-platform/internal/analytics/testutils/mock_aggregation_repository.go:67.24,69.3 1 0
github.com/mikejsmith1985/devsmith-modular-platform/internal/analytics/testutils/mock_aggregation_repository.go:70.2,71.9 2 1
github.com/mikejsmith1985/devsmith-modular-platform/internal/analytics/testutils/mock_aggregation_repository.go:71.9,74.3 2 0
github.com/mikejsmith1985/devsmith-modular-platform/internal/analytics/testutils/mock_aggregation_repository.go:75.2,75.30 1 1
github.com/mikejsmith1985/devsmith-modular-platform/internal/analytics/handlers/analytics_handler.go:24.276,33.2 1 1
github.com/mikejsmith1985/devsmith-modular-platform/internal/analytics/handlers/analytics_handler.go:36.63,42.2 5 1
github.com/mikejsmith1985/devsmith-modular-platform/internal/analytics/handlers/analytics_handler.go:46.59,47.86 1 0
github.com/mikejsmith1985/devsmith-modular-platform/internal/analytics/handlers/analytics_handler.go:47.86,51.3 3 0
github.com/mikejsmith1985/devsmith-modular-platform/internal/analytics/handlers/analytics_handler.go:52.2,52.79 1 0
github.com/mikejsmith1985/devsmith-modular-platform/internal/analytics/handlers/analytics_handler.go:57.55,59.2 0 1
github.com/mikejsmith1985/devsmith-modular-platform/internal/analytics/handlers/analytics_handler.go:63.58,65.2 0 1
github.com/mikejsmith1985/devsmith-modular-platform/internal/analytics/handlers/analytics_handler.go:69.58,71.2 0 1
github.com/mikejsmith1985/devsmith-modular-platform/internal/analytics/handlers/analytics_handler.go:75.56,77.2 0 1
github.com/mikejsmith1985/devsmith-modular-platform/internal/analytics/services/aggregator_service.go:22.167,28.2 1 1
github.com/mikejsmith1985/devsmith-modular-platform/internal/analytics/services/aggregator_service.go:31.77,39.16 7 1
github.com/mikejsmith1985/devsmith-modular-platform/internal/analytics/services/aggregator_service.go:39.16,42.3 2 0
github.com/mikejsmith1985/devsmith-modular-platform/internal/analytics/services/aggregator_service.go:44.2,47.35 3 1
github.com/mikejsmith1985/devsmith-modular-platform/internal/analytics/services/aggregator_service.go:47.35,49.58 2 1
github.com/mikejsmith1985/devsmith-modular-platform/internal/analytics/services/aggregator_service.go:49.58,52.4 2 0
github.com/mikejsmith1985/devsmith-modular-platform/internal/analytics/services/aggregator_service.go:55.2,57.15 3 1
github.com/mikejsmith1985/devsmith-modular-platform/internal/analytics/services/aggregator_service.go:60.89,74.31 7 1
github.com/mikejsmith1985/devsmith-modular-platform/internal/analytics/services/aggregator_service.go:74.31,81.17 3 1
github.com/mikejsmith1985/devsmith-modular-platform/internal/analytics/services/aggregator_service.go:81.17,87.4 2 0
github.com/mikejsmith1985/devsmith-modular-platform/internal/analytics/services/aggregator_service.go:89.3,106.60 4 1
github.com/mikejsmith1985/devsmith-modular-platform/internal/analytics/services/aggregator_service.go:106.60,111.4 2 0
github.com/mikejsmith1985/devsmith-modular-platform/internal/analytics/services/aggregator_service.go:114.2,114.12 1 1
github.com/mikejsmith1985/devsmith-modular-platform/internal/analytics/services/aggregator_service.go:127.84,129.2 1 0
github.com/mikejsmith1985/devsmith-modular-platform/internal/analytics/services/aggregator_service.go:140.118,148.2 2 0
github.com/mikejsmith1985/devsmith-modular-platform/internal/analytics/services/anomaly_service.go:21.114,26.2 1 1
github.com/mikejsmith1985/devsmith-modular-platform/internal/analytics/services/anomaly_service.go:29.158,38.16 3 1
github.com/mikejsmith1985/devsmith-modular-platform/internal/analytics/services/anomaly_service.go:38.16,41.3 2 0
github.com/mikejsmith1985/devsmith-modular-platform/internal/analytics/services/anomaly_service.go:43.2,43.27 1 1
github.com/mikejsmith1985/devsmith-modular-platform/internal/analytics/services/anomaly_service.go:43.27,46.3 2 0
github.com/mikejsmith1985/devsmith-modular-platform/internal/analytics/services/anomaly_service.go:48.2,48.28 1 1
github.com/mikejsmith1985/devsmith-modular-platform/internal/analytics/services/anomaly_service.go:48.28,51.3 2 0
github.com/mikejsmith1985/devsmith-modular-platform/internal/analytics/services/anomaly_service.go:53.2,62.35 6 1
github.com/mikejsmith1985/devsmith-modular-platform/internal/analytics/services/anomaly_service.go:62.35,65.3 2 1
github.com/mikejsmith1985/devsmith-modular-platform/internal/analytics/services/anomaly_service.go:67.2,67.35 1 1
github.com/mikejsmith1985/devsmith-modular-platform/internal/analytics/services/anomaly_service.go:67.35,77.29 3 1
github.com/mikejsmith1985/devsmith-modular-platform/internal/analytics/services/anomaly_service.go:77.29,86.4 2 1
github.com/mikejsmith1985/devsmith-modular-platform/internal/analytics/services/anomaly_service.go:89.2,90.23 2 1
github.com/mikejsmith1985/devsmith-modular-platform/internal/analytics/services/anomaly_service.go:93.80,94.28 1 1
github.com/mikejsmith1985/devsmith-modular-platform/internal/analytics/services/anomaly_service.go:94.28,96.3 1 0
github.com/mikejsmith1985/devsmith-modular-platform/internal/analytics/services/anomaly_service.go:98.2,101.35 3 1
github.com/mikejsmith1985/devsmith-modular-platform/internal/analytics/services/anomaly_service.go:101.35,104.3 2 1
github.com/mikejsmith1985/devsmith-modular-platform/internal/analytics/services/anomaly_service.go:106.2,109.8 4 1
github.com/mikejsmith1985/devsmith-modular-platform/internal/analytics/services/export_service.go:28.112,33.2 1 1
github.com/mikejsmith1985/devsmith-modular-platform/internal/analytics/services/export_service.go:38.120,46.16 3 1
github.com/mikejsmith1985/devsmith-modular-platform/internal/analytics/services/export_service.go:46.16,49.3 2 0
github.com/mikejsmith1985/devsmith-modular-platform/internal/analytics/services/export_service.go:52.2,52.68 1 1
github.com/mikejsmith1985/devsmith-modular-platform/internal/analytics/services/export_service.go:52.68,55.3 2 0
github.com/mikejsmith1985/devsmith-modular-platform/internal/analytics/services/export_service.go:58.2,60.66 2 1
github.com/mikejsmith1985/devsmith-modular-platform/internal/analytics/services/export_service.go:60.66,63.3 2 0
github.com/mikejsmith1985/devsmith-modular-platform/internal/analytics/services/export_service.go:66.2,67.16 2 1
github.com/mikejsmith1985/devsmith-modular-platform/internal/analytics/services/export_service.go:67.16,70.3 2 0
github.com/mikejsmith1985/devsmith-modular-platform/internal/analytics/services/export_service.go:71.2,71.15 1 1
github.com/mikejsmith1985/devsmith-modular-platform/internal/analytics/services/export_service.go:71.15,72.38 1 1
github.com/mikejsmith1985/devsmith-modular-platform/internal/analytics/services/export_service.go:72.38,74.4 1 0
github.com/mikejsmith1985/devsmith-modular-platform/internal/analytics/services/export_service.go:77.2,81.108 3 1
github.com/mikejsmith1985/devsmith-modular-platform/internal/analytics/services/export_service.go:81.108,83.3 1 0
github.com/mikejsmith1985/devsmith-modular-platform/internal/analytics/services/export_service.go:86.2,86.35 1 1
github.com/mikejsmith1985/devsmith-modular-platform/internal/analytics/services/export_service.go:86.35,94.43 2 1
github.com/mikejsmith1985/devsmith-modular-platform/internal/analytics/services/export_service.go:94.43,96.4 1 0
github.com/mikejsmith1985/devsmith-modular-platform/internal/analytics/services/export_service.go:99.2,100.12 2 1
github.com/mikejsmith1985/devsmith-modular-platform/internal/analytics/services/export_service.go:105.121,114.16 4 0
github.com/mikejsmith1985/devsmith-modular-platform/internal/analytics/services/export_service.go:114.16,117.3 2 0
github.com/mikejsmith1985/devsmith-modular-platform/internal/analytics/services/export_service.go:120.2,120.68 1 0
github.com/mikejsmith1985/devsmith-modular-platform/internal/analytics/services/export_service.go:120.68,123.3 2 0
github.com/mikejsmith1985/devsmith-modular-platform/internal/analytics/services/export_service.go:126.2,128.66 2 0
github.com/mikejsmith1985/devsmith-modular-platform/internal/analytics/services/export_service.go:128.66,131.3 2 0
github.com/mikejsmith1985/devsmith-modular-platform/internal/analytics/services/export_service.go:134.2,135.16 2 0
github.com/mikejsmith1985/devsmith-modular-platform/internal/analytics/services/export_service.go:135.16,138.3 2 0
github.com/mikejsmith1985/devsmith-modular-platform/internal/analytics/services/export_service.go:139.2,139.15 1 0
github.com/mikejsmith1985/devsmith-modular-platform/internal/analytics/services/export_service.go:139.15,140.38 1 0
github.com/mikejsmith1985/devsmith-modular-platform/internal/analytics/services/export_service.go:140.38,142.4 1 0
github.com/mikejsmith1985/devsmith-modular-platform/internal/analytics/services/export_service.go:145.2,146.53 2 0
github.com/mikejsmith1985/devsmith-modular-platform/internal/analytics/services/export_service.go:146.53,149.3 2 0
github.com/mikejsmith1985/devsmith-modular-platform/internal/analytics/services/export_service.go:151.2,152.12 2 0
github.com/mikejsmith1985/devsmith-modular-platform/internal/analytics/services/export_service.go:156.119,163.63 2 1
github.com/mikejsmith1985/devsmith-modular-platform/internal/analytics/services/export_service.go:163.63,165.3 1 1
github.com/mikejsmith1985/devsmith-modular-platform/internal/analytics/services/export_service.go:165.8,165.71 1 0
github.com/mikejsmith1985/devsmith-modular-platform/internal/analytics/services/export_service.go:165.71,167.3 1 0
github.com/mikejsmith1985/devsmith-modular-platform/internal/analytics/services/export_service.go:169.2,170.63 2 0
github.com/mikejsmith1985/devsmith-modular-platform/internal/analytics/services/export_service.go:174.44,178.16 3 1
github.com/mikejsmith1985/devsmith-modular-platform/internal/analytics/services/export_service.go:178.16,180.3 1 0
github.com/mikejsmith1985/devsmith-modular-platform/internal/analytics/services/export_service.go:181.2,181.47 1 1
github.com/mikejsmith1985/devsmith-modular-platform/internal/analytics/services/test_utils.go:20.169,22.24 2 0
github.com/mikejsmith1985/devsmith-modular-platform/internal/analytics/services/test_utils.go:22.24,24.3 1 0
github.com/mikejsmith1985/devsmith-modular-platform/internal/analytics/services/test_utils.go:25.2,26.9 2 0
github.com/mikejsmith1985/devsmith-modular-platform/internal/analytics/services/test_utils.go:26.9,28.3 1 0
github.com/mikejsmith1985/devsmith-modular-platform/internal/analytics/services/test_utils.go:29.2,29.36 1 0
github.com/mikejsmith1985/devsmith-modular-platform/internal/analytics/services/test_utils.go:33.182,37.9 3 0
github.com/mikejsmith1985/devsmith-modular-platform/internal/analytics/services/test_utils.go:37.9,39.3 1 0
github.com/mikejsmith1985/devsmith-modular-platform/internal/analytics/services/test_utils.go:40.2,40.38 1 0
github.com/mikejsmith1985/devsmith-modular-platform/internal/analytics/services/test_utils.go:40.38,43.3 2 0
github.com/mikejsmith1985/devsmith-modular-platform/internal/analytics/services/test_utils.go:44.2,44.20 1 0
github.com/mikejsmith1985/devsmith-modular-platform/internal/analytics/services/top_issues_service.go:27.100,32.2 1 1
github.com/mikejsmith1985/devsmith-modular-platform/internal/analytics/services/top_issues_service.go:35.146,68.16 13 1
github.com/mikejsmith1985/devsmith-modular-platform/internal/analytics/services/top_issues_service.go:68.16,71.3 2 0
github.com/mikejsmith1985/devsmith-modular-platform/internal/analytics/services/top_issues_service.go:74.2,76.16 3 1
github.com/mikejsmith1985/devsmith-modular-platform/internal/analytics/services/top_issues_service.go:76.16,79.3 2 0
github.com/mikejsmith1985/devsmith-modular-platform/internal/analytics/services/top_issues_service.go:80.2,83.35 2 1
github.com/mikejsmith1985/devsmith-modular-platform/internal/analytics/services/top_issues_service.go:83.35,85.3 1 1
github.com/mikejsmith1985/devsmith-modular-platform/internal/analytics/services/top_issues_service.go:88.2,88.31 1 1
github.com/mikejsmith1985/devsmith-modular-platform/internal/analytics/services/top_issues_service.go:88.31,90.3 1 1
github.com/mikejsmith1985/devsmith-modular-platform/internal/analytics/services/top_issues_service.go:93.2,93.31 1 1
github.com/mikejsmith1985/devsmith-modular-platform/internal/analytics/services/top_issues_service.go:93.31,95.3 1 1
github.com/mikejsmith1985/devsmith-modular-platform/internal/analytics/services/top_issues_service.go:98.2,98.31 1 1
github.com/mikejsmith1985/devsmith-modular-platform/internal/analytics/services/top_issues_service.go:98.31,100.3 1 1
github.com/mikejsmith1985/devsmith-modular-platform/internal/analytics/services/top_issues_service.go:103.2,103.31 1 1
github.com/mikejsmith1985/devsmith-modular-platform/internal/analytics/services/top_issues_service.go:103.31,105.3 1 1
github.com/mikejsmith1985/devsmith-modular-platform/internal/analytics/services/top_issues_service.go:107.2,108.20 2 1
github.com/mikejsmith1985/devsmith-modular-platform/internal/analytics/services/trend_service.go:19.110,24.2 1 1
github.com/mikejsmith1985/devsmith-modular-platform/internal/analytics/services/trend_service.go:27.158,36.16 3 1
github.com/mikejsmith1985/devsmith-modular-platform/internal/analytics/services/trend_service.go:36.16,39.3 2 0
github.com/mikejsmith1985/devsmith-modular-platform/internal/analytics/services/trend_service.go:41.2,41.27 1 1
github.com/mikejsmith1985/devsmith-modular-platform/internal/analytics/services/trend_service.go:41.27,44.3 2 0
github.com/mikejsmith1985/devsmith-modular-platform/internal/analytics/services/trend_service.go:46.2,51.41 5 1
github.com/mikejsmith1985/devsmith-modular-platform/internal/analytics/services/trend_service.go:51.41,53.3 1 1
github.com/mikejsmith1985/devsmith-modular-platform/internal/analytics/services/trend_service.go:55.2,64.21 2 1
github.com/mikejsmith1985/devsmith-modular-platform/internal/analytics/services/trend_service.go:64.21,66.3 1 1
github.com/mikejsmith1985/devsmith-modular-platform/internal/analytics/services/trend_service.go:66.8,66.28 1 0
github.com/mikejsmith1985/devsmith-modular-platform/internal/analytics/services/trend_service.go:66.28,68.3 1 0
github.com/mikejsmith1985/devsmith-modular-platform/internal/analytics/services/trend_service.go:70.2,78.19 3 1
github.com/mikejsmith1985/devsmith-modular-platform/internal/analytics/services/trend_service.go:82.154,91.16 3 1
github.com/mikejsmith1985/devsmith-modular-platform/internal/analytics/services/trend_service.go:91.16,94.3 2 0
github.com/mikejsmith1985/devsmith-modular-platform/internal/analytics/services/trend_service.go:97.2,110.22 4 1
