mode: set
github.com/mikejsmith1985/devsmith-modular-platform/apps/analytics/handlers/ui_handler.go:18.53,22.2 1 1
github.com/mikejsmith1985/devsmith-modular-platform/apps/analytics/handlers/ui_handler.go:25.54,27.72 2 1
github.com/mikejsmith1985/devsmith-modular-platform/apps/analytics/handlers/ui_handler.go:27.72,30.3 2 0
github.com/mikejsmith1985/devsmith-modular-platform/apps/analytics/handlers/ui_handler.go:34.51,39.2 1 1
github.com/mikejsmith1985/devsmith-modular-platform/apps/analytics/handlers/ui_handler.go:42.66,51.2 4 1
