mode: set
github.com/mikejsmith1985/devsmith-modular-platform/internal/analytics/db/aggregation_repository.go:19.72,21.2 1 1
github.com/mikejsmith1985/devsmith-modular-platform/internal/analytics/db/aggregation_repository.go:25.92,34.2 3 0
github.com/mikejsmith1985/devsmith-modular-platform/internal/analytics/db/aggregation_repository.go:38.165,46.16 3 0
github.com/mikejsmith1985/devsmith-modular-platform/internal/analytics/db/aggregation_repository.go:46.16,48.3 1 0
github.com/mikejsmith1985/devsmith-modular-platform/internal/analytics/db/aggregation_repository.go:49.2,52.18 3 0
github.com/mikejsmith1985/devsmith-modular-platform/internal/analytics/db/aggregation_repository.go:52.18,54.120 2 0
github.com/mikejsmith1985/devsmith-modular-platform/internal/analytics/db/aggregation_repository.go:54.120,56.4 1 0
github.com/mikejsmith1985/devsmith-modular-platform/internal/analytics/db/aggregation_repository.go:57.3,57.43 1 0
github.com/mikejsmith1985/devsmith-modular-platform/internal/analytics/db/aggregation_repository.go:59.2,59.26 1 0
github.com/mikejsmith1985/devsmith-modular-platform/internal/analytics/db/aggregation_repository.go:64.88,67.16 3 0
github.com/mikejsmith1985/devsmith-modular-platform/internal/analytics/db/aggregation_repository.go:67.16,69.3 1 0
github.com/mikejsmith1985/devsmith-modular-platform/internal/analytics/db/aggregation_repository.go:70.2,73.18 3 0
github.com/mikejsmith1985/devsmith-modular-platform/internal/analytics/db/aggregation_repository.go:73.18,75.45 2 0
github.com/mikejsmith1985/devsmith-modular-platform/internal/analytics/db/aggregation_repository.go:75.45,77.4 1 0
github.com/mikejsmith1985/devsmith-modular-platform/internal/analytics/db/aggregation_repository.go:78.3,78.39 1 0
github.com/mikejsmith1985/devsmith-modular-platform/internal/analytics/db/aggregation_repository.go:80.2,80.22 1 0
github.com/mikejsmith1985/devsmith-modular-platform/internal/analytics/db/log_reader.go:17.48,19.2 1 1
github.com/mikejsmith1985/devsmith-modular-platform/internal/analytics/db/log_reader.go:22.123,31.2 4 0
github.com/mikejsmith1985/devsmith-modular-platform/internal/analytics/db/log_reader.go:34.142,44.16 3 0
github.com/mikejsmith1985/devsmith-modular-platform/internal/analytics/db/log_reader.go:44.16,46.3 1 0
github.com/mikejsmith1985/devsmith-modular-platform/internal/analytics/db/log_reader.go:47.2,50.18 3 0
github.com/mikejsmith1985/devsmith-modular-platform/internal/analytics/db/log_reader.go:50.18,52.82 2 0
github.com/mikejsmith1985/devsmith-modular-platform/internal/analytics/db/log_reader.go:52.82,54.4 1 0
github.com/mikejsmith1985/devsmith-modular-platform/internal/analytics/db/log_reader.go:55.3,55.33 1 0
github.com/mikejsmith1985/devsmith-modular-platform/internal/analytics/db/log_reader.go:57.2,57.20 1 0
github.com/mikejsmith1985/devsmith-modular-platform/internal/analytics/db/log_reader.go:61.76,64.16 3 0
github.com/mikejsmith1985/devsmith-modular-platform/internal/analytics/db/log_reader.go:64.16,66.3 1 0
github.com/mikejsmith1985/devsmith-modular-platform/internal/analytics/db/log_reader.go:67.2,70.18 3 0
github.com/mikejsmith1985/devsmith-modular-platform/internal/analytics/db/log_reader.go:70.18,72.45 2 0
github.com/mikejsmith1985/devsmith-modular-platform/internal/analytics/db/log_reader.go:72.45,74.4 1 0
github.com/mikejsmith1985/devsmith-modular-platform/internal/analytics/db/log_reader.go:75.3,75.39 1 0
github.com/mikejsmith1985/devsmith-modular-platform/internal/analytics/db/log_reader.go:77.2,77.22 1 0
github.com/mikejsmith1985/devsmith-modular-platform/internal/analytics/testutils/mock_aggregation_repository.go:21.169,23.24 2 1
github.com/mikejsmith1985/devsmith-modular-platform/internal/analytics/testutils/mock_aggregation_repository.go:23.24,25.3 1 0
github.com/mikejsmith1985/devsmith-modular-platform/internal/analytics/testutils/mock_aggregation_repository.go:26.2,27.9 2 1
github.com/mikejsmith1985/devsmith-modular-platform/internal/analytics/testutils/mock_aggregation_repository.go:27.9,30.3 2 0
github.com/mikejsmith1985/devsmith-modular-platform/internal/analytics/testutils/mock_aggregation_repository.go:31.2,31.30 1 1
github.com/mikejsmith1985/devsmith-modular-platform/internal/analytics/testutils/mock_aggregation_repository.go:36.182,38.24 2 1
github.com/mikejsmith1985/devsmith-modular-platform/internal/analytics/testutils/mock_aggregation_repository.go:38.24,40.3 1 0
github.com/mikejsmith1985/devsmith-modular-platform/internal/analytics/testutils/mock_aggregation_repository.go:41.2,42.9 2 1
github.com/mikejsmith1985/devsmith-modular-platform/internal/analytics/testutils/mock_aggregation_repository.go:42.9,45.3 2 0
github.com/mikejsmith1985/devsmith-modular-platform/internal/analytics/testutils/mock_aggregation_repository.go:46.2,46.30 1 1
github.com/mikejsmith1985/devsmith-modular-platform/internal/analytics/testutils/mock_aggregation_repository.go:51.113,54.2 2 1
github.com/mikejsmith1985/devsmith-modular-platform/internal/analytics/testutils/mock_aggregation_repository.go:58.104,61.2 2 1
github.com/mikejsmith1985/devsmith-modular-platform/internal/analytics/testutils/mock_aggregation_repository.go:65.92,67.24 2 1
github.com/mikejsmith1985/devsmith-modular-platform/internal/analytics/testutils/mock_aggregation_repository.go:67.24,69.3 1 0
github.com/mikejsmith1985/devsmith-modular-platform/internal/analytics/testutils/mock_aggregation_repository.go:70.2,71.9 2 1
github.com/mikejsmith1985/devsmith-modular-platform/internal/analytics/testutils/mock_aggregation_repository.go:71.9,74.3 2 0
github.com/mikejsmith1985/devsmith-modular-platform/internal/analytics/testutils/mock_aggregation_repository.go:75.2,75.30 1 1
github.com/mikejsmith1985/devsmith-modular-platform/internal/analytics/handlers/analytics_handler.go:24.276,33.2 1 1
github.com/mikejsmith1985/devsmith-modular-platform/internal/analytics/handlers/analytics_handler.go:36.63,42.2 5 1
github.com/mikejsmith1985/devsmith-modular-platform/internal/analytics/handlers/analytics_handler.go:46.59,47.86 1 0
github.com/mikejsmith1985/devsmith-modular-platform/internal/analytics/handlers/analytics_handler.go:47.86,51.3 3 0
github.com/mikejsmith1985/devsmith-modular-platform/internal/analytics/handlers/analytics_handler.go:52.2,52.79 1 0
github.com/mikejsmith1985/devsmith-modular-platform/internal/analytics/handlers/analytics_handler.go:57.55,59.2 0 0
github.com/mikejsmith1985/devsmith-modular-platform/internal/analytics/handlers/analytics_handler.go:63.58,65.2 0 0
github.com/mikejsmith1985/devsmith-modular-platform/internal/analytics/handlers/analytics_handler.go:69.58,71.2 0 0
github.com/mikejsmith1985/devsmith-modular-platform/internal/analytics/handlers/analytics_handler.go:75.56,77.2 0 0
github.com/mikejsmith1985/devsmith-modular-platform/internal/analytics/services/aggregator_service.go:22.167,28.2 1 1
github.com/mikejsmith1985/devsmith-modular-platform/internal/analytics/services/aggregator_service.go:31.77,39.16 7 1
github.com/mikejsmith1985/devsmith-modular-platform/internal/analytics/services/aggregator_service.go:39.16,42.3 2 0
github.com/mikejsmith1985/devsmith-modular-platform/internal/analytics/services/aggregator_service.go:44.2,47.35 3 1
github.com/mikejsmith1985/devsmith-modular-platform/internal/analytics/services/aggregator_service.go:47.35,49.58 2 1
github.com/mikejsmith1985/devsmith-modular-platform/internal/analytics/services/aggregator_service.go:49.58,52.4 2 0
github.com/mikejsmith1985/devsmith-modular-platform/internal/analytics/services/aggregator_service.go:55.2,57.15 3 1
github.com/mikejsmith1985/devsmith-modular-platform/internal/analytics/services/aggregator_service.go:60.89,74.31 7 1
github.com/mikejsmith1985/devsmith-modular-platform/internal/analytics/services/aggregator_service.go:74.31,81.17 3 1
github.com/mikejsmith1985/devsmith-modular-platform/internal/analytics/services/aggregator_service.go:81.17,87.4 2 0
github.com/mikejsmith1985/devsmith-modular-platform/internal/analytics/services/aggregator_service.go:89.3,106.60 4 1
github.com/mikejsmith1985/devsmith-modular-platform/internal/analytics/services/aggregator_service.go:106.60,111.4 2 0
github.com/mikejsmith1985/devsmith-modular-platform/internal/analytics/services/aggregator_service.go:114.2,114.12 1 1
github.com/mikejsmith1985/devsmith-modular-platform/internal/analytics/services/aggregator_service.go:127.84,129.2 1 0
github.com/mikejsmith1985/devsmith-modular-platform/internal/analytics/services/aggregator_service.go:140.118,148.2 2 0
github.com/mikejsmith1985/devsmith-modular-platform/internal/analytics/services/anomaly_service.go:21.114,26.2 1 1
github.com/mikejsmith1985/devsmith-modular-platform/internal/analytics/services/anomaly_service.go:29.158,38.16 3 1
github.com/mikejsmith1985/devsmith-modular-platform/internal/analytics/services/anomaly_service.go:38.16,41.3 2 0
github.com/mikejsmith1985/devsmith-modular-platform/internal/analytics/services/anomaly_service.go:43.2,43.27 1 1
github.com/mikejsmith1985/devsmith-modular-platform/internal/analytics/services/anomaly_service.go:43.27,46.3 2 0
github.com/mikejsmith1985/devsmith-modular-platform/internal/analytics/services/anomaly_service.go:48.2,48.28 1 1
github.com/mikejsmith1985/devsmith-modular-platform/internal/analytics/services/anomaly_service.go:48.28,51.3 2 0
github.com/mikejsmith1985/devsmith-modular-platform/internal/analytics/services/anomaly_service.go:53.2,62.35 6 1
github.com/mikejsmith1985/devsmith-modular-platform/internal/analytics/services/anomaly_service.go:62.35,65.3 2 1
github.com/mikejsmith1985/devsmith-modular-platform/internal/analytics/services/anomaly_service.go:67.2,67.35 1 1
github.com/mikejsmith1985/devsmith-modular-platform/internal/analytics/services/anomaly_service.go:67.35,77.29 3 1
github.com/mikejsmith1985/devsmith-modular-platform/internal/analytics/services/anomaly_service.go:77.29,86.4 2 1
github.com/mikejsmith1985/devsmith-modular-platform/internal/analytics/services/anomaly_service.go:89.2,90.23 2 1
github.com/mikejsmith1985/devsmith-modular-platform/internal/analytics/services/anomaly_service.go:93.80,94.28 1 1
github.com/mikejsmith1985/devsmith-modular-platform/internal/analytics/services/anomaly_service.go:94.28,96.3 1 0
github.com/mikejsmith1985/devsmith-modular-platform/internal/analytics/services/anomaly_service.go:98.2,101.35 3 1
github.com/mikejsmith1985/devsmith-modular-platform/internal/analytics/services/anomaly_service.go:101.35,104.3 2 1
github.com/mikejsmith1985/devsmith-modular-platform/internal/analytics/services/anomaly_service.go:106.2,109.8 4 1
github.com/mikejsmith1985/devsmith-modular-platform/internal/analytics/services/export_service.go:28.112,33.2 1 1
github.com/mikejsmith1985/devsmith-modular-platform/internal/analytics/services/export_service.go:38.120,46.16 3 1
github.com/mikejsmith1985/devsmith-modular-platform/internal/analytics/services/export_service.go:46.16,49.3 2 0
github.com/mikejsmith1985/devsmith-modular-platform/internal/analytics/services/export_service.go:52.2,52.68 1 1
github.com/mikejsmith1985/devsmith-modular-platform/internal/analytics/services/export_service.go:52.68,55.3 2 0
github.com/mikejsmith1985/devsmith-modular-platform/internal/analytics/services/export_service.go:58.2,60.66 2 1
github.com/mikejsmith1985/devsmith-modular-platform/internal/analytics/services/export_service.go:60.66,63.3 2 0
github.com/mikejsmith1985/devsmith-modular-platform/internal/analytics/services/export_service.go:66.2,67.16 2 1
github.com/mikejsmith1985/devsmith-modular-platform/internal/analytics/services/export_service.go:67.16,70.3 2 0
github.com/mikejsmith1985/devsmith-modular-platform/internal/analytics/services/export_service.go:71.2,71.15 1 1
github.com/mikejsmith1985/devsmith-modular-platform/internal/analytics/services/export_service.go:71.15,72.38 1 1
github.com/mikejsmith1985/devsmith-modular-platform/internal/analytics/services/export_service.go:72.38,74.4 1 0
github.com/mikejsmith1985/devsmith-modular-platform/internal/analytics/services/export_service.go:77.2,81.108 3 1
github.com/mikejsmith1985/devsmith-modular-platform/internal/analytics/services/export_service.go:81.108,83.3 1 0
github.com/mikejsmith1985/devsmith-modular-platform/internal/analytics/services/export_service.go:86.2,86.35 1 1
github.com/mikejsmith1985/devsmith-modular-platform/internal/analytics/services/export_service.go:86.35,94.43 2 1
github.com/mikejsmith1985/devsmith-modular-platform/internal/analytics/services/export_service.go:94.43,96.4 1 0
github.com/mikejsmith1985/devsmith-modular-platform/internal/analytics/services/export_service.go:99.2,100.12 2 1
github.com/mikejsmith1985/devsmith-modular-platform/internal/analytics/services/export_service.go:105.121,114.16 4 0
github.com/mikejsmith1985/devsmith-modular-platform/internal/analytics/services/export_service.go:114.16,117.3 2 0
github.com/mikejsmith1985/devsmith-modular-platform/internal/analytics/services/export_service.go:120.2,120.68 1 0
github.com/mikejsmith1985/devsmith-modular-platform/internal/analytics/services/export_service.go:120.68,123.3 2 0
github.com/mikejsmith1985/devsmith-modular-platform/internal/analytics/services/export_service.go:126.2,128.66 2 0
github.com/mikejsmith1985/devsmith-modular-platform/internal/analytics/services/export_service.go:128.66,131.3 2 0
github.com/mikejsmith1985/devsmith-modular-platform/internal/analytics/services/export_service.go:134.2,135.16 2 0
github.com/mikejsmith1985/devsmith-modular-platform/internal/analytics/services/export_service.go:135.16,138.3 2 0
github.com/mikejsmith1985/devsmith-modular-platform/internal/analytics/services/export_service.go:139.2,139.15 1 0
github.com/mikejsmith1985/devsmith-modular-platform/internal/analytics/services/export_service.go:139.15,140.38 1 0
github.com/mikejsmith1985/devsmith-modular-platform/internal/analytics/services/export_service.go:140.38,142.4 1 0
github.com/mikejsmith1985/devsmith-modular-platform/internal/analytics/services/export_service.go:145.2,146.53 2 0
github.com/mikejsmith1985/devsmith-modular-platform/internal/analytics/services/export_service.go:146.53,149.3 2 0
github.com/mikejsmith1985/devsmith-modular-platform/internal/analytics/services/export_service.go:151.2,152.12 2 0
github.com/mikejsmith1985/devsmith-modular-platform/internal/analytics/services/export_service.go:156.119,163.63 2 1
github.com/mikejsmith1985/devsmith-modular-platform/internal/analytics/services/export_service.go:163.63,165.3 1 1
github.com/mikejsmith1985/devsmith-modular-platform/internal/analytics/services/export_service.go:165.8,165.71 1 0
github.com/mikejsmith1985/devsmith-modular-platform/internal/analytics/services/export_service.go:165.71,167.3 1 0
github.com/mikejsmith1985/devsmith-modular-platform/internal/analytics/services/export_service.go:169.2,170.63 2 0
github.com/mikejsmith1985/devsmith-modular-platform/internal/analytics/services/export_service.go:174.44,178.16 3 1
github.com/mikejsmith1985/devsmith-modular-platform/internal/analytics/services/export_service.go:178.16,180.3 1 0
github.com/mikejsmith1985/devsmith-modular-platform/internal/analytics/services/export_service.go:181.2,181.47 1 1
github.com/mikejsmith1985/devsmith-modular-platform/internal/analytics/services/test_utils.go:20.169,22.24 2 0
github.com/mikejsmith1985/devsmith-modular-platform/internal/analytics/services/test_utils.go:22.24,24.3 1 0
github.com/mikejsmith1985/devsmith-modular-platform/internal/analytics/services/test_utils.go:25.2,26.9 2 0
github.com/mikejsmith1985/devsmith-modular-platform/internal/analytics/services/test_utils.go:26.9,28.3 1 0
github.com/mikejsmith1985/devsmith-modular-platform/internal/analytics/services/test_utils.go:29.2,29.36 1 0
github.com/mikejsmith1985/devsmith-modular-platform/internal/analytics/services/test_utils.go:33.182,37.9 3 0
github.com/mikejsmith1985/devsmith-modular-platform/internal/analytics/services/test_utils.go:37.9,39.3 1 0
github.com/mikejsmith1985/devsmith-modular-platform/internal/analytics/services/test_utils.go:40.2,40.38 1 0
github.com/mikejsmith1985/devsmith-modular-platform/internal/analytics/services/test_utils.go:40.38,43.3 2 0
github.com/mikejsmith1985/devsmith-modular-platform/internal/analytics/services/test_utils.go:44.2,44.20 1 0
github.com/mikejsmith1985/devsmith-modular-platform/internal/analytics/services/top_issues_service.go:27.100,32.2 1 1
github.com/mikejsmith1985/devsmith-modular-platform/internal/analytics/services/top_issues_service.go:35.146,68.16 13 1
github.com/mikejsmith1985/devsmith-modular-platform/internal/analytics/services/top_issues_service.go:68.16,71.3 2 0
github.com/mikejsmith1985/devsmith-modular-platform/internal/analytics/services/top_issues_service.go:74.2,76.16 3 1
github.com/mikejsmith1985/devsmith-modular-platform/internal/analytics/services/top_issues_service.go:76.16,79.3 2 0
github.com/mikejsmith1985/devsmith-modular-platform/internal/analytics/services/top_issues_service.go:80.2,83.35 2 1
github.com/mikejsmith1985/devsmith-modular-platform/internal/analytics/services/top_issues_service.go:83.35,85.3 1 1
github.com/mikejsmith1985/devsmith-modular-platform/internal/analytics/services/top_issues_service.go:88.2,88.31 1 1
github.com/mikejsmith1985/devsmith-modular-platform/internal/analytics/services/top_issues_service.go:88.31,90.3 1 1
github.com/mikejsmith1985/devsmith-modular-platform/internal/analytics/services/top_issues_service.go:93.2,93.31 1 1
github.com/mikejsmith1985/devsmith-modular-platform/internal/analytics/services/top_issues_service.go:93.31,95.3 1 1
github.com/mikejsmith1985/devsmith-modular-platform/internal/analytics/services/top_issues_service.go:98.2,98.31 1 1
github.com/mikejsmith1985/devsmith-modular-platform/internal/analytics/services/top_issues_service.go:98.31,100.3 1 1
github.com/mikejsmith1985/devsmith-modular-platform/internal/analytics/services/top_issues_service.go:103.2,103.31 1 1
github.com/mikejsmith1985/devsmith-modular-platform/internal/analytics/services/top_issues_service.go:103.31,105.3 1 1
github.com/mikejsmith1985/devsmith-modular-platform/internal/analytics/services/top_issues_service.go:107.2,108.20 2 1
github.com/mikejsmith1985/devsmith-modular-platform/internal/analytics/services/trend_service.go:19.110,24.2 1 1
github.com/mikejsmith1985/devsmith-modular-platform/internal/analytics/services/trend_service.go:27.158,36.16 3 1
github.com/mikejsmith1985/devsmith-modular-platform/internal/analytics/services/trend_service.go:36.16,39.3 2 0
github.com/mikejsmith1985/devsmith-modular-platform/internal/analytics/services/trend_service.go:41.2,41.27 1 1
github.com/mikejsmith1985/devsmith-modular-platform/internal/analytics/services/trend_service.go:41.27,44.3 2 0
github.com/mikejsmith1985/devsmith-modular-platform/internal/analytics/services/trend_service.go:46.2,51.41 5 1
github.com/mikejsmith1985/devsmith-modular-platform/internal/analytics/services/trend_service.go:51.41,53.3 1 1
github.com/mikejsmith1985/devsmith-modular-platform/internal/analytics/services/trend_service.go:55.2,64.21 2 1
github.com/mikejsmith1985/devsmith-modular-platform/internal/analytics/services/trend_service.go:64.21,66.3 1 1
github.com/mikejsmith1985/devsmith-modular-platform/internal/analytics/services/trend_service.go:66.8,66.28 1 0
github.com/mikejsmith1985/devsmith-modular-platform/internal/analytics/services/trend_service.go:66.28,68.3 1 0
github.com/mikejsmith1985/devsmith-modular-platform/internal/analytics/services/trend_service.go:70.2,78.19 3 1
github.com/mikejsmith1985/devsmith-modular-platform/internal/analytics/services/trend_service.go:82.154,91.16 3 1
github.com/mikejsmith1985/devsmith-modular-platform/internal/analytics/services/trend_service.go:91.16,94.3 2 0
github.com/mikejsmith1985/devsmith-modular-platform/internal/analytics/services/trend_service.go:97.2,110.22 4 1
github.com/mikejsmith1985/devsmith-modular-platform/apps/analytics/templates/components/anomaly_card_templ.go:13.51,14.131 1 0
github.com/mikejsmith1985/devsmith-modular-platform/apps/analytics/templates/components/anomaly_card_templ.go:14.131,16.71 2 0
github.com/mikejsmith1985/devsmith-modular-platform/apps/analytics/templates/components/anomaly_card_templ.go:16.71,18.4 1 0
github.com/mikejsmith1985/devsmith-modular-platform/apps/analytics/templates/components/anomaly_card_templ.go:19.3,20.31 2 0
github.com/mikejsmith1985/devsmith-modular-platform/apps/analytics/templates/components/anomaly_card_templ.go:20.31,21.17 1 0
github.com/mikejsmith1985/devsmith-modular-platform/apps/analytics/templates/components/anomaly_card_templ.go:21.17,23.34 2 0
github.com/mikejsmith1985/devsmith-modular-platform/apps/analytics/templates/components/anomaly_card_templ.go:23.34,25.6 1 0
github.com/mikejsmith1985/devsmith-modular-platform/apps/analytics/templates/components/anomaly_card_templ.go:28.3,30.33 3 0
github.com/mikejsmith1985/devsmith-modular-platform/apps/analytics/templates/components/anomaly_card_templ.go:30.33,32.4 1 0
github.com/mikejsmith1985/devsmith-modular-platform/apps/analytics/templates/components/anomaly_card_templ.go:33.3,36.32 4 0
github.com/mikejsmith1985/devsmith-modular-platform/apps/analytics/templates/components/anomaly_card_templ.go:36.32,38.4 1 0
github.com/mikejsmith1985/devsmith-modular-platform/apps/analytics/templates/components/anomaly_card_templ.go:39.3,40.32 2 0
github.com/mikejsmith1985/devsmith-modular-platform/apps/analytics/templates/components/anomaly_card_templ.go:40.32,42.4 1 0
github.com/mikejsmith1985/devsmith-modular-platform/apps/analytics/templates/components/anomaly_card_templ.go:43.3,45.32 3 0
github.com/mikejsmith1985/devsmith-modular-platform/apps/analytics/templates/components/anomaly_card_templ.go:45.32,47.4 1 0
github.com/mikejsmith1985/devsmith-modular-platform/apps/analytics/templates/components/anomaly_card_templ.go:48.3,49.32 2 0
github.com/mikejsmith1985/devsmith-modular-platform/apps/analytics/templates/components/anomaly_card_templ.go:49.32,51.4 1 0
github.com/mikejsmith1985/devsmith-modular-platform/apps/analytics/templates/components/anomaly_card_templ.go:52.3,53.32 2 0
github.com/mikejsmith1985/devsmith-modular-platform/apps/analytics/templates/components/anomaly_card_templ.go:53.32,55.4 1 0
github.com/mikejsmith1985/devsmith-modular-platform/apps/analytics/templates/components/anomaly_card_templ.go:56.3,58.32 3 0
github.com/mikejsmith1985/devsmith-modular-platform/apps/analytics/templates/components/anomaly_card_templ.go:58.32,60.4 1 0
github.com/mikejsmith1985/devsmith-modular-platform/apps/analytics/templates/components/anomaly_card_templ.go:61.3,62.32 2 0
github.com/mikejsmith1985/devsmith-modular-platform/apps/analytics/templates/components/anomaly_card_templ.go:62.32,64.4 1 0
github.com/mikejsmith1985/devsmith-modular-platform/apps/analytics/templates/components/anomaly_card_templ.go:65.3,67.32 3 0
github.com/mikejsmith1985/devsmith-modular-platform/apps/analytics/templates/components/anomaly_card_templ.go:67.32,69.4 1 0
github.com/mikejsmith1985/devsmith-modular-platform/apps/analytics/templates/components/anomaly_card_templ.go:70.3,71.32 2 0
github.com/mikejsmith1985/devsmith-modular-platform/apps/analytics/templates/components/anomaly_card_templ.go:71.32,73.4 1 0
github.com/mikejsmith1985/devsmith-modular-platform/apps/analytics/templates/components/anomaly_card_templ.go:74.3,75.32 2 0
github.com/mikejsmith1985/devsmith-modular-platform/apps/analytics/templates/components/anomaly_card_templ.go:75.32,77.4 1 0
github.com/mikejsmith1985/devsmith-modular-platform/apps/analytics/templates/components/anomaly_card_templ.go:78.3,80.32 3 0
github.com/mikejsmith1985/devsmith-modular-platform/apps/analytics/templates/components/anomaly_card_templ.go:80.32,82.4 1 0
github.com/mikejsmith1985/devsmith-modular-platform/apps/analytics/templates/components/anomaly_card_templ.go:83.3,84.32 2 0
github.com/mikejsmith1985/devsmith-modular-platform/apps/analytics/templates/components/anomaly_card_templ.go:84.32,86.4 1 0
github.com/mikejsmith1985/devsmith-modular-platform/apps/analytics/templates/components/anomaly_card_templ.go:87.3,88.32 2 0
github.com/mikejsmith1985/devsmith-modular-platform/apps/analytics/templates/components/anomaly_card_templ.go:88.32,90.4 1 0
github.com/mikejsmith1985/devsmith-modular-platform/apps/analytics/templates/components/anomaly_card_templ.go:91.3,93.32 3 0
github.com/mikejsmith1985/devsmith-modular-platform/apps/analytics/templates/components/anomaly_card_templ.go:93.32,95.4 1 0
github.com/mikejsmith1985/devsmith-modular-platform/apps/analytics/templates/components/anomaly_card_templ.go:96.3,97.32 2 0
github.com/mikejsmith1985/devsmith-modular-platform/apps/analytics/templates/components/anomaly_card_templ.go:97.32,99.4 1 0
github.com/mikejsmith1985/devsmith-modular-platform/apps/analytics/templates/components/anomaly_card_templ.go:100.3,101.32 2 0
github.com/mikejsmith1985/devsmith-modular-platform/apps/analytics/templates/components/anomaly_card_templ.go:101.32,103.4 1 0
github.com/mikejsmith1985/devsmith-modular-platform/apps/analytics/templates/components/anomaly_card_templ.go:104.3,106.32 3 0
github.com/mikejsmith1985/devsmith-modular-platform/apps/analytics/templates/components/anomaly_card_templ.go:106.32,108.4 1 0
github.com/mikejsmith1985/devsmith-modular-platform/apps/analytics/templates/components/anomaly_card_templ.go:109.3,110.32 2 0
github.com/mikejsmith1985/devsmith-modular-platform/apps/analytics/templates/components/anomaly_card_templ.go:110.32,112.4 1 0
github.com/mikejsmith1985/devsmith-modular-platform/apps/analytics/templates/components/anomaly_card_templ.go:113.3,114.32 2 0
github.com/mikejsmith1985/devsmith-modular-platform/apps/analytics/templates/components/anomaly_card_templ.go:114.32,116.4 1 0
github.com/mikejsmith1985/devsmith-modular-platform/apps/analytics/templates/components/anomaly_card_templ.go:117.3,119.32 3 0
github.com/mikejsmith1985/devsmith-modular-platform/apps/analytics/templates/components/anomaly_card_templ.go:119.32,121.4 1 0
github.com/mikejsmith1985/devsmith-modular-platform/apps/analytics/templates/components/anomaly_card_templ.go:122.3,123.32 2 0
github.com/mikejsmith1985/devsmith-modular-platform/apps/analytics/templates/components/anomaly_card_templ.go:123.32,125.4 1 0
github.com/mikejsmith1985/devsmith-modular-platform/apps/analytics/templates/components/anomaly_card_templ.go:126.3,127.32 2 0
github.com/mikejsmith1985/devsmith-modular-platform/apps/analytics/templates/components/anomaly_card_templ.go:127.32,129.4 1 0
github.com/mikejsmith1985/devsmith-modular-platform/apps/analytics/templates/components/anomaly_card_templ.go:130.3,132.32 3 0
github.com/mikejsmith1985/devsmith-modular-platform/apps/analytics/templates/components/anomaly_card_templ.go:132.32,134.4 1 0
github.com/mikejsmith1985/devsmith-modular-platform/apps/analytics/templates/components/anomaly_card_templ.go:135.3,136.32 2 0
github.com/mikejsmith1985/devsmith-modular-platform/apps/analytics/templates/components/anomaly_card_templ.go:136.32,138.4 1 0
github.com/mikejsmith1985/devsmith-modular-platform/apps/analytics/templates/components/anomaly_card_templ.go:139.3,140.32 2 0
github.com/mikejsmith1985/devsmith-modular-platform/apps/analytics/templates/components/anomaly_card_templ.go:140.32,142.4 1 0
github.com/mikejsmith1985/devsmith-modular-platform/apps/analytics/templates/components/anomaly_card_templ.go:143.3,145.32 3 0
github.com/mikejsmith1985/devsmith-modular-platform/apps/analytics/templates/components/anomaly_card_templ.go:145.32,147.4 1 0
github.com/mikejsmith1985/devsmith-modular-platform/apps/analytics/templates/components/anomaly_card_templ.go:148.3,149.32 2 0
github.com/mikejsmith1985/devsmith-modular-platform/apps/analytics/templates/components/anomaly_card_templ.go:149.32,151.4 1 0
github.com/mikejsmith1985/devsmith-modular-platform/apps/analytics/templates/components/anomaly_card_templ.go:152.3,153.32 2 0
github.com/mikejsmith1985/devsmith-modular-platform/apps/analytics/templates/components/anomaly_card_templ.go:153.32,155.4 1 0
github.com/mikejsmith1985/devsmith-modular-platform/apps/analytics/templates/components/anomaly_card_templ.go:156.3,158.32 3 0
github.com/mikejsmith1985/devsmith-modular-platform/apps/analytics/templates/components/anomaly_card_templ.go:158.32,160.4 1 0
github.com/mikejsmith1985/devsmith-modular-platform/apps/analytics/templates/components/anomaly_card_templ.go:161.3,162.32 2 0
github.com/mikejsmith1985/devsmith-modular-platform/apps/analytics/templates/components/anomaly_card_templ.go:162.32,164.4 1 0
github.com/mikejsmith1985/devsmith-modular-platform/apps/analytics/templates/components/anomaly_card_templ.go:165.3,166.32 2 0
github.com/mikejsmith1985/devsmith-modular-platform/apps/analytics/templates/components/anomaly_card_templ.go:166.32,168.4 1 0
github.com/mikejsmith1985/devsmith-modular-platform/apps/analytics/templates/components/anomaly_card_templ.go:169.3,169.13 1 0
github.com/mikejsmith1985/devsmith-modular-platform/apps/analytics/templates/components/issues_table_templ.go:13.50,14.131 1 0
github.com/mikejsmith1985/devsmith-modular-platform/apps/analytics/templates/components/issues_table_templ.go:14.131,16.71 2 0
github.com/mikejsmith1985/devsmith-modular-platform/apps/analytics/templates/components/issues_table_templ.go:16.71,18.4 1 0
github.com/mikejsmith1985/devsmith-modular-platform/apps/analytics/templates/components/issues_table_templ.go:19.3,20.31 2 0
github.com/mikejsmith1985/devsmith-modular-platform/apps/analytics/templates/components/issues_table_templ.go:20.31,21.17 1 0
github.com/mikejsmith1985/devsmith-modular-platform/apps/analytics/templates/components/issues_table_templ.go:21.17,23.34 2 0
github.com/mikejsmith1985/devsmith-modular-platform/apps/analytics/templates/components/issues_table_templ.go:23.34,25.6 1 0
github.com/mikejsmith1985/devsmith-modular-platform/apps/analytics/templates/components/issues_table_templ.go:28.3,30.33 3 0
github.com/mikejsmith1985/devsmith-modular-platform/apps/analytics/templates/components/issues_table_templ.go:30.33,32.4 1 0
github.com/mikejsmith1985/devsmith-modular-platform/apps/analytics/templates/components/issues_table_templ.go:33.3,35.32 3 0
github.com/mikejsmith1985/devsmith-modular-platform/apps/analytics/templates/components/issues_table_templ.go:35.32,37.4 1 0
github.com/mikejsmith1985/devsmith-modular-platform/apps/analytics/templates/components/issues_table_templ.go:38.3,38.32 1 0
github.com/mikejsmith1985/devsmith-modular-platform/apps/analytics/templates/components/issues_table_templ.go:38.32,40.33 2 0
github.com/mikejsmith1985/devsmith-modular-platform/apps/analytics/templates/components/issues_table_templ.go:40.33,42.5 1 0
github.com/mikejsmith1985/devsmith-modular-platform/apps/analytics/templates/components/issues_table_templ.go:43.4,45.33 3 0
github.com/mikejsmith1985/devsmith-modular-platform/apps/analytics/templates/components/issues_table_templ.go:45.33,47.5 1 0
github.com/mikejsmith1985/devsmith-modular-platform/apps/analytics/templates/components/issues_table_templ.go:48.4,49.33 2 0
github.com/mikejsmith1985/devsmith-modular-platform/apps/analytics/templates/components/issues_table_templ.go:49.33,51.5 1 0
github.com/mikejsmith1985/devsmith-modular-platform/apps/analytics/templates/components/issues_table_templ.go:52.4,53.33 2 0
github.com/mikejsmith1985/devsmith-modular-platform/apps/analytics/templates/components/issues_table_templ.go:53.33,55.5 1 0
github.com/mikejsmith1985/devsmith-modular-platform/apps/analytics/templates/components/issues_table_templ.go:56.4,58.33 3 0
github.com/mikejsmith1985/devsmith-modular-platform/apps/analytics/templates/components/issues_table_templ.go:58.33,60.5 1 0
github.com/mikejsmith1985/devsmith-modular-platform/apps/analytics/templates/components/issues_table_templ.go:61.4,62.33 2 0
github.com/mikejsmith1985/devsmith-modular-platform/apps/analytics/templates/components/issues_table_templ.go:62.33,64.5 1 0
github.com/mikejsmith1985/devsmith-modular-platform/apps/analytics/templates/components/issues_table_templ.go:65.4,67.33 3 0
github.com/mikejsmith1985/devsmith-modular-platform/apps/analytics/templates/components/issues_table_templ.go:67.33,69.5 1 0
github.com/mikejsmith1985/devsmith-modular-platform/apps/analytics/templates/components/issues_table_templ.go:70.4,71.33 2 0
github.com/mikejsmith1985/devsmith-modular-platform/apps/analytics/templates/components/issues_table_templ.go:71.33,73.5 1 0
github.com/mikejsmith1985/devsmith-modular-platform/apps/analytics/templates/components/issues_table_templ.go:74.4,75.33 2 0
github.com/mikejsmith1985/devsmith-modular-platform/apps/analytics/templates/components/issues_table_templ.go:75.33,77.5 1 0
github.com/mikejsmith1985/devsmith-modular-platform/apps/analytics/templates/components/issues_table_templ.go:78.4,80.33 3 0
github.com/mikejsmith1985/devsmith-modular-platform/apps/analytics/templates/components/issues_table_templ.go:80.33,82.5 1 0
github.com/mikejsmith1985/devsmith-modular-platform/apps/analytics/templates/components/issues_table_templ.go:83.4,84.33 2 0
github.com/mikejsmith1985/devsmith-modular-platform/apps/analytics/templates/components/issues_table_templ.go:84.33,86.5 1 0
github.com/mikejsmith1985/devsmith-modular-platform/apps/analytics/templates/components/issues_table_templ.go:87.4,88.33 2 0
github.com/mikejsmith1985/devsmith-modular-platform/apps/analytics/templates/components/issues_table_templ.go:88.33,90.5 1 0
github.com/mikejsmith1985/devsmith-modular-platform/apps/analytics/templates/components/issues_table_templ.go:91.4,93.33 3 0
github.com/mikejsmith1985/devsmith-modular-platform/apps/analytics/templates/components/issues_table_templ.go:93.33,95.5 1 0
github.com/mikejsmith1985/devsmith-modular-platform/apps/analytics/templates/components/issues_table_templ.go:96.4,97.33 2 0
github.com/mikejsmith1985/devsmith-modular-platform/apps/analytics/templates/components/issues_table_templ.go:97.33,99.5 1 0
github.com/mikejsmith1985/devsmith-modular-platform/apps/analytics/templates/components/issues_table_templ.go:100.4,101.33 2 0
github.com/mikejsmith1985/devsmith-modular-platform/apps/analytics/templates/components/issues_table_templ.go:101.33,103.5 1 0
github.com/mikejsmith1985/devsmith-modular-platform/apps/analytics/templates/components/issues_table_templ.go:104.4,106.33 3 0
github.com/mikejsmith1985/devsmith-modular-platform/apps/analytics/templates/components/issues_table_templ.go:106.33,108.5 1 0
github.com/mikejsmith1985/devsmith-modular-platform/apps/analytics/templates/components/issues_table_templ.go:109.4,110.33 2 0
github.com/mikejsmith1985/devsmith-modular-platform/apps/analytics/templates/components/issues_table_templ.go:110.33,112.5 1 0
github.com/mikejsmith1985/devsmith-modular-platform/apps/analytics/templates/components/issues_table_templ.go:113.4,114.33 2 0
github.com/mikejsmith1985/devsmith-modular-platform/apps/analytics/templates/components/issues_table_templ.go:114.33,116.5 1 0
github.com/mikejsmith1985/devsmith-modular-platform/apps/analytics/templates/components/issues_table_templ.go:117.4,119.33 3 0
github.com/mikejsmith1985/devsmith-modular-platform/apps/analytics/templates/components/issues_table_templ.go:119.33,121.5 1 0
github.com/mikejsmith1985/devsmith-modular-platform/apps/analytics/templates/components/issues_table_templ.go:122.4,123.33 2 0
github.com/mikejsmith1985/devsmith-modular-platform/apps/analytics/templates/components/issues_table_templ.go:123.33,125.5 1 0
github.com/mikejsmith1985/devsmith-modular-platform/apps/analytics/templates/components/issues_table_templ.go:126.4,127.33 2 0
github.com/mikejsmith1985/devsmith-modular-platform/apps/analytics/templates/components/issues_table_templ.go:127.33,129.5 1 0
github.com/mikejsmith1985/devsmith-modular-platform/apps/analytics/templates/components/issues_table_templ.go:130.4,132.33 3 0
github.com/mikejsmith1985/devsmith-modular-platform/apps/analytics/templates/components/issues_table_templ.go:132.33,134.5 1 0
github.com/mikejsmith1985/devsmith-modular-platform/apps/analytics/templates/components/issues_table_templ.go:135.4,136.33 2 0
github.com/mikejsmith1985/devsmith-modular-platform/apps/analytics/templates/components/issues_table_templ.go:136.33,138.5 1 0
github.com/mikejsmith1985/devsmith-modular-platform/apps/analytics/templates/components/issues_table_templ.go:139.4,140.33 2 0
github.com/mikejsmith1985/devsmith-modular-platform/apps/analytics/templates/components/issues_table_templ.go:140.33,142.5 1 0
github.com/mikejsmith1985/devsmith-modular-platform/apps/analytics/templates/components/issues_table_templ.go:144.3,145.32 2 0
github.com/mikejsmith1985/devsmith-modular-platform/apps/analytics/templates/components/issues_table_templ.go:145.32,147.4 1 0
github.com/mikejsmith1985/devsmith-modular-platform/apps/analytics/templates/components/issues_table_templ.go:148.3,148.13 1 0
github.com/mikejsmith1985/devsmith-modular-platform/apps/analytics/templates/dashboard_templ.go:11.34,12.131 1 0
github.com/mikejsmith1985/devsmith-modular-platform/apps/analytics/templates/dashboard_templ.go:12.131,14.71 2 0
github.com/mikejsmith1985/devsmith-modular-platform/apps/analytics/templates/dashboard_templ.go:14.71,16.4 1 0
github.com/mikejsmith1985/devsmith-modular-platform/apps/analytics/templates/dashboard_templ.go:17.3,18.31 2 0
github.com/mikejsmith1985/devsmith-modular-platform/apps/analytics/templates/dashboard_templ.go:18.31,19.17 1 0
github.com/mikejsmith1985/devsmith-modular-platform/apps/analytics/templates/dashboard_templ.go:19.17,21.34 2 0
github.com/mikejsmith1985/devsmith-modular-platform/apps/analytics/templates/dashboard_templ.go:21.34,23.6 1 0
github.com/mikejsmith1985/devsmith-modular-platform/apps/analytics/templates/dashboard_templ.go:26.3,28.33 3 0
github.com/mikejsmith1985/devsmith-modular-platform/apps/analytics/templates/dashboard_templ.go:28.33,30.4 1 0
github.com/mikejsmith1985/devsmith-modular-platform/apps/analytics/templates/dashboard_templ.go:31.3,32.148 2 0
github.com/mikejsmith1985/devsmith-modular-platform/apps/analytics/templates/dashboard_templ.go:32.148,35.32 3 0
github.com/mikejsmith1985/devsmith-modular-platform/apps/analytics/templates/dashboard_templ.go:35.32,36.18 1 0
github.com/mikejsmith1985/devsmith-modular-platform/apps/analytics/templates/dashboard_templ.go:36.18,38.35 2 0
github.com/mikejsmith1985/devsmith-modular-platform/apps/analytics/templates/dashboard_templ.go:38.35,40.7 1 0
github.com/mikejsmith1985/devsmith-modular-platform/apps/analytics/templates/dashboard_templ.go:43.4,45.33 3 0
github.com/mikejsmith1985/devsmith-modular-platform/apps/analytics/templates/dashboard_templ.go:45.33,47.5 1 0
github.com/mikejsmith1985/devsmith-modular-platform/apps/analytics/templates/dashboard_templ.go:48.4,49.33 2 0
github.com/mikejsmith1985/devsmith-modular-platform/apps/analytics/templates/dashboard_templ.go:49.33,51.5 1 0
github.com/mikejsmith1985/devsmith-modular-platform/apps/analytics/templates/dashboard_templ.go:52.4,53.33 2 0
github.com/mikejsmith1985/devsmith-modular-platform/apps/analytics/templates/dashboard_templ.go:53.33,55.5 1 0
github.com/mikejsmith1985/devsmith-modular-platform/apps/analytics/templates/dashboard_templ.go:56.4,57.33 2 0
github.com/mikejsmith1985/devsmith-modular-platform/apps/analytics/templates/dashboard_templ.go:57.33,59.5 1 0
github.com/mikejsmith1985/devsmith-modular-platform/apps/analytics/templates/dashboard_templ.go:60.4,61.33 2 0
github.com/mikejsmith1985/devsmith-modular-platform/apps/analytics/templates/dashboard_templ.go:61.33,63.5 1 0
github.com/mikejsmith1985/devsmith-modular-platform/apps/analytics/templates/dashboard_templ.go:64.4,65.33 2 0
github.com/mikejsmith1985/devsmith-modular-platform/apps/analytics/templates/dashboard_templ.go:65.33,67.5 1 0
github.com/mikejsmith1985/devsmith-modular-platform/apps/analytics/templates/dashboard_templ.go:68.4,69.33 2 0
github.com/mikejsmith1985/devsmith-modular-platform/apps/analytics/templates/dashboard_templ.go:69.33,71.5 1 0
github.com/mikejsmith1985/devsmith-modular-platform/apps/analytics/templates/dashboard_templ.go:72.4,73.33 2 0
github.com/mikejsmith1985/devsmith-modular-platform/apps/analytics/templates/dashboard_templ.go:73.33,75.5 1 0
github.com/mikejsmith1985/devsmith-modular-platform/apps/analytics/templates/dashboard_templ.go:76.4,76.14 1 0
github.com/mikejsmith1985/devsmith-modular-platform/apps/analytics/templates/dashboard_templ.go:78.3,79.32 2 0
github.com/mikejsmith1985/devsmith-modular-platform/apps/analytics/templates/dashboard_templ.go:79.32,81.4 1 0
github.com/mikejsmith1985/devsmith-modular-platform/apps/analytics/templates/dashboard_templ.go:82.3,82.13 1 0
github.com/mikejsmith1985/devsmith-modular-platform/apps/analytics/templates/dashboard_templ.go:86.42,87.131 1 0
github.com/mikejsmith1985/devsmith-modular-platform/apps/analytics/templates/dashboard_templ.go:87.131,89.71 2 0
github.com/mikejsmith1985/devsmith-modular-platform/apps/analytics/templates/dashboard_templ.go:89.71,91.4 1 0
github.com/mikejsmith1985/devsmith-modular-platform/apps/analytics/templates/dashboard_templ.go:92.3,93.31 2 0
github.com/mikejsmith1985/devsmith-modular-platform/apps/analytics/templates/dashboard_templ.go:93.31,94.17 1 0
github.com/mikejsmith1985/devsmith-modular-platform/apps/analytics/templates/dashboard_templ.go:94.17,96.34 2 0
github.com/mikejsmith1985/devsmith-modular-platform/apps/analytics/templates/dashboard_templ.go:96.34,98.6 1 0
github.com/mikejsmith1985/devsmith-modular-platform/apps/analytics/templates/dashboard_templ.go:101.3,103.33 3 0
github.com/mikejsmith1985/devsmith-modular-platform/apps/analytics/templates/dashboard_templ.go:103.33,105.4 1 0
github.com/mikejsmith1985/devsmith-modular-platform/apps/analytics/templates/dashboard_templ.go:106.3,108.32 3 0
github.com/mikejsmith1985/devsmith-modular-platform/apps/analytics/templates/dashboard_templ.go:108.32,110.4 1 0
github.com/mikejsmith1985/devsmith-modular-platform/apps/analytics/templates/dashboard_templ.go:111.3,111.13 1 0
github.com/mikejsmith1985/devsmith-modular-platform/apps/analytics/templates/dashboard_templ.go:115.37,116.131 1 0
github.com/mikejsmith1985/devsmith-modular-platform/apps/analytics/templates/dashboard_templ.go:116.131,118.71 2 0
github.com/mikejsmith1985/devsmith-modular-platform/apps/analytics/templates/dashboard_templ.go:118.71,120.4 1 0
github.com/mikejsmith1985/devsmith-modular-platform/apps/analytics/templates/dashboard_templ.go:121.3,122.31 2 0
github.com/mikejsmith1985/devsmith-modular-platform/apps/analytics/templates/dashboard_templ.go:122.31,123.17 1 0
github.com/mikejsmith1985/devsmith-modular-platform/apps/analytics/templates/dashboard_templ.go:123.17,125.34 2 0
github.com/mikejsmith1985/devsmith-modular-platform/apps/analytics/templates/dashboard_templ.go:125.34,127.6 1 0
github.com/mikejsmith1985/devsmith-modular-platform/apps/analytics/templates/dashboard_templ.go:130.3,132.33 3 0
github.com/mikejsmith1985/devsmith-modular-platform/apps/analytics/templates/dashboard_templ.go:132.33,134.4 1 0
github.com/mikejsmith1985/devsmith-modular-platform/apps/analytics/templates/dashboard_templ.go:135.3,137.32 3 0
github.com/mikejsmith1985/devsmith-modular-platform/apps/analytics/templates/dashboard_templ.go:137.32,139.4 1 0
github.com/mikejsmith1985/devsmith-modular-platform/apps/analytics/templates/dashboard_templ.go:140.3,140.13 1 0
github.com/mikejsmith1985/devsmith-modular-platform/apps/analytics/templates/dashboard_templ.go:144.38,145.131 1 0
github.com/mikejsmith1985/devsmith-modular-platform/apps/analytics/templates/dashboard_templ.go:145.131,147.71 2 0
github.com/mikejsmith1985/devsmith-modular-platform/apps/analytics/templates/dashboard_templ.go:147.71,149.4 1 0
github.com/mikejsmith1985/devsmith-modular-platform/apps/analytics/templates/dashboard_templ.go:150.3,151.31 2 0
github.com/mikejsmith1985/devsmith-modular-platform/apps/analytics/templates/dashboard_templ.go:151.31,152.17 1 0
github.com/mikejsmith1985/devsmith-modular-platform/apps/analytics/templates/dashboard_templ.go:152.17,154.34 2 0
github.com/mikejsmith1985/devsmith-modular-platform/apps/analytics/templates/dashboard_templ.go:154.34,156.6 1 0
github.com/mikejsmith1985/devsmith-modular-platform/apps/analytics/templates/dashboard_templ.go:159.3,161.33 3 0
github.com/mikejsmith1985/devsmith-modular-platform/apps/analytics/templates/dashboard_templ.go:161.33,163.4 1 0
github.com/mikejsmith1985/devsmith-modular-platform/apps/analytics/templates/dashboard_templ.go:164.3,166.32 3 0
github.com/mikejsmith1985/devsmith-modular-platform/apps/analytics/templates/dashboard_templ.go:166.32,168.4 1 0
github.com/mikejsmith1985/devsmith-modular-platform/apps/analytics/templates/dashboard_templ.go:169.3,169.13 1 0
github.com/mikejsmith1985/devsmith-modular-platform/apps/analytics/templates/dashboard_templ.go:173.41,174.131 1 0
github.com/mikejsmith1985/devsmith-modular-platform/apps/analytics/templates/dashboard_templ.go:174.131,176.71 2 0
github.com/mikejsmith1985/devsmith-modular-platform/apps/analytics/templates/dashboard_templ.go:176.71,178.4 1 0
github.com/mikejsmith1985/devsmith-modular-platform/apps/analytics/templates/dashboard_templ.go:179.3,180.31 2 0
github.com/mikejsmith1985/devsmith-modular-platform/apps/analytics/templates/dashboard_templ.go:180.31,181.17 1 0
github.com/mikejsmith1985/devsmith-modular-platform/apps/analytics/templates/dashboard_templ.go:181.17,183.34 2 0
github.com/mikejsmith1985/devsmith-modular-platform/apps/analytics/templates/dashboard_templ.go:183.34,185.6 1 0
github.com/mikejsmith1985/devsmith-modular-platform/apps/analytics/templates/dashboard_templ.go:188.3,190.33 3 0
github.com/mikejsmith1985/devsmith-modular-platform/apps/analytics/templates/dashboard_templ.go:190.33,192.4 1 0
github.com/mikejsmith1985/devsmith-modular-platform/apps/analytics/templates/dashboard_templ.go:193.3,195.32 3 0
github.com/mikejsmith1985/devsmith-modular-platform/apps/analytics/templates/dashboard_templ.go:195.32,197.4 1 0
github.com/mikejsmith1985/devsmith-modular-platform/apps/analytics/templates/dashboard_templ.go:198.3,198.13 1 0
github.com/mikejsmith1985/devsmith-modular-platform/apps/analytics/templates/dashboard_templ.go:202.41,203.131 1 0
github.com/mikejsmith1985/devsmith-modular-platform/apps/analytics/templates/dashboard_templ.go:203.131,205.71 2 0
github.com/mikejsmith1985/devsmith-modular-platform/apps/analytics/templates/dashboard_templ.go:205.71,207.4 1 0
github.com/mikejsmith1985/devsmith-modular-platform/apps/analytics/templates/dashboard_templ.go:208.3,209.31 2 0
github.com/mikejsmith1985/devsmith-modular-platform/apps/analytics/templates/dashboard_templ.go:209.31,210.17 1 0
github.com/mikejsmith1985/devsmith-modular-platform/apps/analytics/templates/dashboard_templ.go:210.17,212.34 2 0
github.com/mikejsmith1985/devsmith-modular-platform/apps/analytics/templates/dashboard_templ.go:212.34,214.6 1 0
github.com/mikejsmith1985/devsmith-modular-platform/apps/analytics/templates/dashboard_templ.go:217.3,219.33 3 0
github.com/mikejsmith1985/devsmith-modular-platform/apps/analytics/templates/dashboard_templ.go:219.33,221.4 1 0
github.com/mikejsmith1985/devsmith-modular-platform/apps/analytics/templates/dashboard_templ.go:222.3,224.32 3 0
github.com/mikejsmith1985/devsmith-modular-platform/apps/analytics/templates/dashboard_templ.go:224.32,226.4 1 0
github.com/mikejsmith1985/devsmith-modular-platform/apps/analytics/templates/dashboard_templ.go:227.3,227.13 1 0
github.com/mikejsmith1985/devsmith-modular-platform/apps/analytics/templates/layout_templ.go:11.43,12.131 1 0
github.com/mikejsmith1985/devsmith-modular-platform/apps/analytics/templates/layout_templ.go:12.131,14.71 2 0
github.com/mikejsmith1985/devsmith-modular-platform/apps/analytics/templates/layout_templ.go:14.71,16.4 1 0
github.com/mikejsmith1985/devsmith-modular-platform/apps/analytics/templates/layout_templ.go:17.3,18.31 2 0
github.com/mikejsmith1985/devsmith-modular-platform/apps/analytics/templates/layout_templ.go:18.31,19.17 1 0
github.com/mikejsmith1985/devsmith-modular-platform/apps/analytics/templates/layout_templ.go:19.17,21.34 2 0
github.com/mikejsmith1985/devsmith-modular-platform/apps/analytics/templates/layout_templ.go:21.34,23.6 1 0
github.com/mikejsmith1985/devsmith-modular-platform/apps/analytics/templates/layout_templ.go:26.3,28.33 3 0
github.com/mikejsmith1985/devsmith-modular-platform/apps/analytics/templates/layout_templ.go:28.33,30.4 1 0
github.com/mikejsmith1985/devsmith-modular-platform/apps/analytics/templates/layout_templ.go:31.3,33.32 3 0
github.com/mikejsmith1985/devsmith-modular-platform/apps/analytics/templates/layout_templ.go:33.32,35.4 1 0
github.com/mikejsmith1985/devsmith-modular-platform/apps/analytics/templates/layout_templ.go:36.3,38.32 3 0
github.com/mikejsmith1985/devsmith-modular-platform/apps/analytics/templates/layout_templ.go:38.32,40.4 1 0
github.com/mikejsmith1985/devsmith-modular-platform/apps/analytics/templates/layout_templ.go:41.3,42.32 2 0
github.com/mikejsmith1985/devsmith-modular-platform/apps/analytics/templates/layout_templ.go:42.32,44.4 1 0
github.com/mikejsmith1985/devsmith-modular-platform/apps/analytics/templates/layout_templ.go:45.3,46.32 2 0
github.com/mikejsmith1985/devsmith-modular-platform/apps/analytics/templates/layout_templ.go:46.32,48.4 1 0
github.com/mikejsmith1985/devsmith-modular-platform/apps/analytics/templates/layout_templ.go:49.3,50.32 2 0
github.com/mikejsmith1985/devsmith-modular-platform/apps/analytics/templates/layout_templ.go:50.32,52.4 1 0
github.com/mikejsmith1985/devsmith-modular-platform/apps/analytics/templates/layout_templ.go:53.3,54.32 2 0
github.com/mikejsmith1985/devsmith-modular-platform/apps/analytics/templates/layout_templ.go:54.32,56.4 1 0
github.com/mikejsmith1985/devsmith-modular-platform/apps/analytics/templates/layout_templ.go:57.3,57.13 1 0
github.com/mikejsmith1985/devsmith-modular-platform/apps/analytics/handlers/ui_handler.go:18.53,22.2 1 1
github.com/mikejsmith1985/devsmith-modular-platform/apps/analytics/handlers/ui_handler.go:25.54,27.72 2 1
github.com/mikejsmith1985/devsmith-modular-platform/apps/analytics/handlers/ui_handler.go:27.72,30.3 2 0
github.com/mikejsmith1985/devsmith-modular-platform/apps/analytics/handlers/ui_handler.go:34.51,39.2 1 1
github.com/mikejsmith1985/devsmith-modular-platform/apps/analytics/handlers/ui_handler.go:42.66,51.2 4 1
